{"/Users/macbookair/Desktop/react-native-typescript/my-app/App.tsx": {"path":"/Users/macbookair/Desktop/react-native-typescript/my-app/App.tsx","statementMap":{"0":{"start":{"line":8,"column":14},"end":{"line":10,"column":2}},"1":{"start":{"line":13,"column":2},"end":{"line":17,"column":3}}},"fnMap":{"0":{"name":"App","decl":{"start":{"line":12,"column":24},"end":{"line":12,"column":27}},"loc":{"start":{"line":12,"column":30},"end":{"line":18,"column":1}},"line":12}},"branchMap":{},"s":{"0":0,"1":0},"f":{"0":0},"b":{}}
,"/Users/macbookair/Desktop/react-native-typescript/my-app/components/HomeScreen.tsx": {"path":"/Users/macbookair/Desktop/react-native-typescript/my-app/components/HomeScreen.tsx","statementMap":{"0":{"start":{"line":4,"column":19},"end":{"line":10,"column":3}},"1":{"start":{"line":5,"column":4},"end":{"line":9,"column":5}}},"fnMap":{"0":{"name":"(anonymous_0)","decl":{"start":{"line":4,"column":19},"end":{"line":4,"column":20}},"loc":{"start":{"line":4,"column":25},"end":{"line":10,"column":3}},"line":4}},"branchMap":{},"s":{"0":0,"1":0},"f":{"0":0},"b":{}}
,"/Users/macbookair/Desktop/react-native-typescript/my-app/components/Main.tsx": {"path":"/Users/macbookair/Desktop/react-native-typescript/my-app/components/Main.tsx","statementMap":{"0":{"start":{"line":19,"column":12},"end":{"line":19,"column":38}},"1":{"start":{"line":20,"column":14},"end":{"line":20,"column":62}},"2":{"start":{"line":22,"column":32},"end":{"line":29,"column":1}},"3":{"start":{"line":23,"column":20},"end":{"line":23,"column":71}},"4":{"start":{"line":25,"column":2},"end":{"line":27,"column":3}},"5":{"start":{"line":26,"column":4},"end":{"line":26,"column":18}},"6":{"start":{"line":28,"column":2},"end":{"line":28,"column":16}},"7":{"start":{"line":32,"column":23},"end":{"line":32,"column":43}},"8":{"start":{"line":33,"column":19},"end":{"line":33,"column":75}},"9":{"start":{"line":33,"column":60},"end":{"line":33,"column":74}},"10":{"start":{"line":34,"column":22},"end":{"line":34,"column":30}},"11":{"start":{"line":35,"column":2},"end":{"line":63,"column":3}},"12":{"start":{"line":52,"column":8},"end":{"line":59,"column":9}},"13":{"start":{"line":55,"column":27},"end":{"line":55,"column":47}},"14":{"start":{"line":67,"column":2},"end":{"line":122,"column":3}},"15":{"start":{"line":81,"column":33},"end":{"line":89,"column":13}},"16":{"start":{"line":87,"column":16},"end":{"line":87,"column":66}},"17":{"start":{"line":98,"column":16},"end":{"line":98,"column":69}},"18":{"start":{"line":107,"column":16},"end":{"line":107,"column":66}},"19":{"start":{"line":116,"column":16},"end":{"line":116,"column":68}},"20":{"start":{"line":125,"column":15},"end":{"line":132,"column":2}}},"fnMap":{"0":{"name":"(anonymous_0)","decl":{"start":{"line":22,"column":32},"end":{"line":22,"column":33}},"loc":{"start":{"line":22,"column":43},"end":{"line":29,"column":1}},"line":22},"1":{"name":"HomeTabs","decl":{"start":{"line":31,"column":10},"end":{"line":31,"column":18}},"loc":{"start":{"line":31,"column":21},"end":{"line":64,"column":1}},"line":31},"2":{"name":"(anonymous_2)","decl":{"start":{"line":33,"column":31},"end":{"line":33,"column":32}},"loc":{"start":{"line":33,"column":60},"end":{"line":33,"column":74}},"line":33},"3":{"name":"(anonymous_3)","decl":{"start":{"line":51,"column":19},"end":{"line":51,"column":20}},"loc":{"start":{"line":52,"column":8},"end":{"line":59,"column":9}},"line":52},"4":{"name":"(anonymous_4)","decl":{"start":{"line":55,"column":21},"end":{"line":55,"column":22}},"loc":{"start":{"line":55,"column":27},"end":{"line":55,"column":47}},"line":55},"5":{"name":"Main","decl":{"start":{"line":66,"column":24},"end":{"line":66,"column":28}},"loc":{"start":{"line":66,"column":31},"end":{"line":123,"column":1}},"line":66},"6":{"name":"(anonymous_6)","decl":{"start":{"line":81,"column":21},"end":{"line":81,"column":22}},"loc":{"start":{"line":81,"column":33},"end":{"line":89,"column":13}},"line":81},"7":{"name":"(anonymous_7)","decl":{"start":{"line":86,"column":26},"end":{"line":86,"column":27}},"loc":{"start":{"line":87,"column":16},"end":{"line":87,"column":66}},"line":87},"8":{"name":"(anonymous_8)","decl":{"start":{"line":97,"column":26},"end":{"line":97,"column":27}},"loc":{"start":{"line":98,"column":16},"end":{"line":98,"column":69}},"line":98},"9":{"name":"(anonymous_9)","decl":{"start":{"line":106,"column":26},"end":{"line":106,"column":27}},"loc":{"start":{"line":107,"column":16},"end":{"line":107,"column":66}},"line":107},"10":{"name":"(anonymous_10)","decl":{"start":{"line":115,"column":26},"end":{"line":115,"column":27}},"loc":{"start":{"line":116,"column":16},"end":{"line":116,"column":68}},"line":116}},"branchMap":{"0":{"loc":{"start":{"line":23,"column":20},"end":{"line":23,"column":71}},"type":"binary-expr","locations":[{"start":{"line":23,"column":20},"end":{"line":23,"column":61}},{"start":{"line":23,"column":65},"end":{"line":23,"column":71}}],"line":23},"1":{"loc":{"start":{"line":25,"column":2},"end":{"line":27,"column":3}},"type":"if","locations":[{"start":{"line":25,"column":2},"end":{"line":27,"column":3}},{"start":{},"end":{}}],"line":25},"2":{"loc":{"start":{"line":52,"column":8},"end":{"line":59,"column":9}},"type":"binary-expr","locations":[{"start":{"line":52,"column":8},"end":{"line":52,"column":17}},{"start":{"line":53,"column":10},"end":{"line":58,"column":12}}],"line":52}},"s":{"0":0,"1":0,"2":0,"3":0,"4":0,"5":0,"6":0,"7":0,"8":0,"9":0,"10":0,"11":0,"12":0,"13":0,"14":0,"15":0,"16":0,"17":0,"18":0,"19":0,"20":0},"f":{"0":0,"1":0,"2":0,"3":0,"4":0,"5":0,"6":0,"7":0,"8":0,"9":0,"10":0},"b":{"0":[0,0],"1":[0,0],"2":[0,0]}}
,"/Users/macbookair/Desktop/react-native-typescript/my-app/components/ProductsScreen.tsx": {"path":"/Users/macbookair/Desktop/react-native-typescript/my-app/components/ProductsScreen.tsx","statementMap":{"0":{"start":{"line":8,"column":24},"end":{"line":53,"column":1}},"1":{"start":{"line":10,"column":48},"end":{"line":10,"column":75}},"2":{"start":{"line":16,"column":20},"end":{"line":38,"column":7}},"3":{"start":{"line":17,"column":8},"end":{"line":37,"column":41}},"4":{"start":{"line":18,"column":32},"end":{"line":18,"column":69}},"5":{"start":{"line":19,"column":43},"end":{"line":19,"column":45}},"6":{"start":{"line":20,"column":10},"end":{"line":35,"column":13}},"7":{"start":{"line":21,"column":100},"end":{"line":21,"column":110}},"8":{"start":{"line":22,"column":12},"end":{"line":22,"column":41}},"9":{"start":{"line":23,"column":12},"end":{"line":34,"column":15}},"10":{"start":{"line":36,"column":10},"end":{"line":36,"column":34}},"11":{"start":{"line":37,"column":21},"end":{"line":37,"column":39}},"12":{"start":{"line":40,"column":6},"end":{"line":42,"column":11}},"13":{"start":{"line":41,"column":8},"end":{"line":41,"column":17}},"14":{"start":{"line":44,"column":4},"end":{"line":52,"column":5}},"15":{"start":{"line":48,"column":46},"end":{"line":48,"column":53}},"16":{"start":{"line":49,"column":56},"end":{"line":49,"column":88}}},"fnMap":{"0":{"name":"(anonymous_0)","decl":{"start":{"line":8,"column":24},"end":{"line":8,"column":25}},"loc":{"start":{"line":8,"column":30},"end":{"line":53,"column":1}},"line":8},"1":{"name":"(anonymous_1)","decl":{"start":{"line":16,"column":20},"end":{"line":16,"column":21}},"loc":{"start":{"line":16,"column":31},"end":{"line":38,"column":7}},"line":16},"2":{"name":"(anonymous_2)","decl":{"start":{"line":20,"column":38},"end":{"line":20,"column":39}},"loc":{"start":{"line":20,"column":47},"end":{"line":35,"column":11}},"line":20},"3":{"name":"(anonymous_3)","decl":{"start":{"line":40,"column":16},"end":{"line":40,"column":17}},"loc":{"start":{"line":40,"column":20},"end":{"line":42,"column":7}},"line":40},"4":{"name":"(anonymous_4)","decl":{"start":{"line":48,"column":24},"end":{"line":48,"column":25}},"loc":{"start":{"line":48,"column":46},"end":{"line":48,"column":53}},"line":48},"5":{"name":"(anonymous_5)","decl":{"start":{"line":49,"column":22},"end":{"line":49,"column":23}},"loc":{"start":{"line":49,"column":56},"end":{"line":49,"column":88}},"line":49}},"branchMap":{},"s":{"0":0,"1":0,"2":0,"3":0,"4":0,"5":0,"6":0,"7":0,"8":0,"9":0,"10":0,"11":0,"12":0,"13":0,"14":0,"15":0,"16":0},"f":{"0":0,"1":0,"2":0,"3":0,"4":0,"5":0},"b":{}}
,"/Users/macbookair/Desktop/react-native-typescript/my-app/components/StoreScreen.tsx": {"path":"/Users/macbookair/Desktop/react-native-typescript/my-app/components/StoreScreen.tsx","statementMap":{"0":{"start":{"line":4,"column":20},"end":{"line":10,"column":3}},"1":{"start":{"line":5,"column":4},"end":{"line":9,"column":6}}},"fnMap":{"0":{"name":"(anonymous_0)","decl":{"start":{"line":4,"column":20},"end":{"line":4,"column":21}},"loc":{"start":{"line":4,"column":26},"end":{"line":10,"column":3}},"line":4}},"branchMap":{},"s":{"0":0,"1":0},"f":{"0":0},"b":{}}
,"/Users/macbookair/Desktop/react-native-typescript/my-app/components/UserScreen.tsx": {"path":"/Users/macbookair/Desktop/react-native-typescript/my-app/components/UserScreen.tsx","statementMap":{"0":{"start":{"line":4,"column":19},"end":{"line":10,"column":1}},"1":{"start":{"line":5,"column":4},"end":{"line":9,"column":5}}},"fnMap":{"0":{"name":"(anonymous_0)","decl":{"start":{"line":4,"column":19},"end":{"line":4,"column":20}},"loc":{"start":{"line":4,"column":25},"end":{"line":10,"column":1}},"line":4}},"branchMap":{},"s":{"0":0,"1":0},"f":{"0":0},"b":{}}
,"/Users/macbookair/Desktop/react-native-typescript/my-app/components/products/CounterScreen.tsx": {"path":"/Users/macbookair/Desktop/react-native-typescript/my-app/components/products/CounterScreen.tsx","statementMap":{"0":{"start":{"line":6,"column":40},"end":{"line":31,"column":1}},"1":{"start":{"line":8,"column":26},"end":{"line":8,"column":51}},"2":{"start":{"line":8,"column":32},"end":{"line":8,"column":51}},"3":{"start":{"line":9,"column":27},"end":{"line":12,"column":5}},"4":{"start":{"line":10,"column":8},"end":{"line":10,"column":31}},"5":{"start":{"line":10,"column":25},"end":{"line":10,"column":31}},"6":{"start":{"line":11,"column":8},"end":{"line":11,"column":27}},"7":{"start":{"line":14,"column":4},"end":{"line":30,"column":5}},"8":{"start":{"line":33,"column":15},"end":{"line":45,"column":2}}},"fnMap":{"0":{"name":"(anonymous_0)","decl":{"start":{"line":6,"column":40},"end":{"line":6,"column":41}},"loc":{"start":{"line":6,"column":62},"end":{"line":31,"column":1}},"line":6},"1":{"name":"(anonymous_1)","decl":{"start":{"line":8,"column":26},"end":{"line":8,"column":27}},"loc":{"start":{"line":8,"column":32},"end":{"line":8,"column":51}},"line":8},"2":{"name":"(anonymous_2)","decl":{"start":{"line":9,"column":27},"end":{"line":9,"column":28}},"loc":{"start":{"line":9,"column":33},"end":{"line":12,"column":5}},"line":9}},"branchMap":{"0":{"loc":{"start":{"line":10,"column":8},"end":{"line":10,"column":31}},"type":"if","locations":[{"start":{"line":10,"column":8},"end":{"line":10,"column":31}},{"start":{},"end":{}}],"line":10}},"s":{"0":0,"1":0,"2":0,"3":0,"4":0,"5":0,"6":0,"7":0,"8":0},"f":{"0":0,"1":0,"2":0},"b":{"0":[0,0]}}
,"/Users/macbookair/Desktop/react-native-typescript/my-app/components/products/ListProductScreen.tsx": {"path":"/Users/macbookair/Desktop/react-native-typescript/my-app/components/products/ListProductScreen.tsx","statementMap":{"0":{"start":{"line":10,"column":26},"end":{"line":40,"column":1}},"1":{"start":{"line":12,"column":20},"end":{"line":18,"column":5}},"2":{"start":{"line":14,"column":29},"end":{"line":14,"column":49}},"3":{"start":{"line":15,"column":25},"end":{"line":15,"column":38}},"4":{"start":{"line":16,"column":8},"end":{"line":16,"column":35}},"5":{"start":{"line":17,"column":8},"end":{"line":17,"column":35}},"6":{"start":{"line":20,"column":4},"end":{"line":39,"column":5}},"7":{"start":{"line":23,"column":26},"end":{"line":23,"column":41}},"8":{"start":{"line":43,"column":15},"end":{"line":91,"column":2}}},"fnMap":{"0":{"name":"(anonymous_0)","decl":{"start":{"line":10,"column":26},"end":{"line":10,"column":27}},"loc":{"start":{"line":10,"column":61},"end":{"line":40,"column":1}},"line":10},"1":{"name":"(anonymous_1)","decl":{"start":{"line":12,"column":20},"end":{"line":12,"column":21}},"loc":{"start":{"line":12,"column":51},"end":{"line":18,"column":5}},"line":12},"2":{"name":"(anonymous_2)","decl":{"start":{"line":23,"column":21},"end":{"line":23,"column":22}},"loc":{"start":{"line":23,"column":26},"end":{"line":23,"column":41}},"line":23}},"branchMap":{"0":{"loc":{"start":{"line":27,"column":21},"end":{"line":27,"column":84}},"type":"binary-expr","locations":[{"start":{"line":27,"column":21},"end":{"line":27,"column":35}},{"start":{"line":27,"column":39},"end":{"line":27,"column":84}}],"line":27}},"s":{"0":1,"1":1,"2":1,"3":0,"4":0,"5":0,"6":1,"7":1,"8":1},"f":{"0":1,"1":1,"2":1},"b":{"0":[1,1]},"_coverageSchema":"1a1c01bbd47fc00a2c39e90264f33305004495a9","hash":"2eb37081e79fcf4642f1437a6dce257c05095c8d"}
,"/Users/macbookair/Desktop/react-native-typescript/my-app/components/products/SpecificProductScreen.tsx": {"path":"/Users/macbookair/Desktop/react-native-typescript/my-app/components/products/SpecificProductScreen.tsx","statementMap":{"0":{"start":{"line":9,"column":30},"end":{"line":63,"column":3}},"1":{"start":{"line":10,"column":19},"end":{"line":10,"column":83}},"2":{"start":{"line":10,"column":68},"end":{"line":10,"column":82}},"3":{"start":{"line":11,"column":23},"end":{"line":11,"column":43}},"4":{"start":{"line":12,"column":53},"end":{"line":12,"column":61}},"5":{"start":{"line":13,"column":28},"end":{"line":13,"column":39}},"6":{"start":{"line":15,"column":2},"end":{"line":17,"column":5}},"7":{"start":{"line":16,"column":4},"end":{"line":16,"column":31}},"8":{"start":{"line":16,"column":20},"end":{"line":16,"column":31}},"9":{"start":{"line":19,"column":18},"end":{"line":21,"column":3}},"10":{"start":{"line":20,"column":4},"end":{"line":20,"column":24}},"11":{"start":{"line":23,"column":4},"end":{"line":62,"column":5}},"12":{"start":{"line":65,"column":17},"end":{"line":96,"column":4}}},"fnMap":{"0":{"name":"(anonymous_0)","decl":{"start":{"line":9,"column":30},"end":{"line":9,"column":31}},"loc":{"start":{"line":9,"column":36},"end":{"line":63,"column":3}},"line":9},"1":{"name":"(anonymous_1)","decl":{"start":{"line":10,"column":31},"end":{"line":10,"column":32}},"loc":{"start":{"line":10,"column":68},"end":{"line":10,"column":82}},"line":10},"2":{"name":"(anonymous_2)","decl":{"start":{"line":15,"column":12},"end":{"line":15,"column":13}},"loc":{"start":{"line":15,"column":16},"end":{"line":17,"column":1}},"line":15},"3":{"name":"(anonymous_3)","decl":{"start":{"line":19,"column":18},"end":{"line":19,"column":19}},"loc":{"start":{"line":19,"column":24},"end":{"line":21,"column":3}},"line":19}},"branchMap":{"0":{"loc":{"start":{"line":16,"column":4},"end":{"line":16,"column":31}},"type":"if","locations":[{"start":{"line":16,"column":4},"end":{"line":16,"column":31}},{"start":{},"end":{}}],"line":16}},"s":{"0":0,"1":0,"2":0,"3":0,"4":0,"5":0,"6":0,"7":0,"8":0,"9":0,"10":0,"11":0,"12":0},"f":{"0":0,"1":0,"2":0,"3":0},"b":{"0":[0,0]}}
,"/Users/macbookair/Desktop/react-native-typescript/my-app/components/products/TabletPromotion.tsx": {"path":"/Users/macbookair/Desktop/react-native-typescript/my-app/components/products/TabletPromotion.tsx","statementMap":{"0":{"start":{"line":7,"column":57},"end":{"line":15,"column":1}},"1":{"start":{"line":9,"column":4},"end":{"line":13,"column":5}},"2":{"start":{"line":17,"column":15},"end":{"line":30,"column":2}}},"fnMap":{"0":{"name":"(anonymous_0)","decl":{"start":{"line":7,"column":57},"end":{"line":7,"column":58}},"loc":{"start":{"line":7,"column":76},"end":{"line":15,"column":1}},"line":7}},"branchMap":{},"s":{"0":1,"1":1,"2":1},"f":{"0":1},"b":{},"_coverageSchema":"1a1c01bbd47fc00a2c39e90264f33305004495a9","hash":"9b8b5a665518dea706c500c6ef55355c6ed0f417"}
,"/Users/macbookair/Desktop/react-native-typescript/my-app/database/database.tsx": {"path":"/Users/macbookair/Desktop/react-native-typescript/my-app/database/database.tsx","statementMap":{"0":{"start":{"line":6,"column":23},"end":{"line":14,"column":1}},"1":{"start":{"line":17,"column":12},"end":{"line":17,"column":41}},"2":{"start":{"line":18,"column":11},"end":{"line":18,"column":28}}},"fnMap":{},"branchMap":{},"s":{"0":0,"1":0,"2":0},"f":{},"b":{}}
,"/Users/macbookair/Desktop/react-native-typescript/my-app/reducer/productsReducer.tsx": {"path":"/Users/macbookair/Desktop/react-native-typescript/my-app/reducer/productsReducer.tsx","statementMap":{"0":{"start":{"line":8,"column":28},"end":{"line":10,"column":1}},"1":{"start":{"line":12,"column":22},"end":{"line":21,"column":2}},"2":{"start":{"line":17,"column":25},"end":{"line":17,"column":39}},"3":{"start":{"line":18,"column":12},"end":{"line":18,"column":28}},"4":{"start":{"line":23,"column":31},"end":{"line":23,"column":52}}},"fnMap":{"0":{"name":"(anonymous_0)","decl":{"start":{"line":16,"column":20},"end":{"line":16,"column":21}},"loc":{"start":{"line":16,"column":39},"end":{"line":19,"column":9}},"line":16}},"branchMap":{},"s":{"0":1,"1":1,"2":0,"3":0,"4":1},"f":{"0":0},"b":{},"_coverageSchema":"1a1c01bbd47fc00a2c39e90264f33305004495a9","hash":"d9e4cb0c90eee2da354b1ba9b455c7bb5c5b287b"}
,"/Users/macbookair/Desktop/react-native-typescript/my-app/types/types.tsx": {"path":"/Users/macbookair/Desktop/react-native-typescript/my-app/types/types.tsx","statementMap":{},"fnMap":{},"branchMap":{},"s":{},"f":{},"b":{}}
}
